<?xml version="1.0" encoding="UTF-8"?>
<testsuite name="icucheol.emotion_analyzer.EmotionAnalyzerApplicationTests" tests="1" skipped="0" failures="0" errors="0" timestamp="2024-12-05T08:23:53" hostname="hwang-uicheol-ui-MacBookPro.local" time="0.296">
  <properties/>
  <testcase name="contextLoads()" classname="icucheol.emotion_analyzer.EmotionAnalyzerApplicationTests" time="0.296"/>
  <system-out><![CDATA[17:23:51.422 [Test worker] INFO org.springframework.test.context.support.AnnotationConfigContextLoaderUtils -- Could not detect default configuration classes for test class [icucheol.emotion_analyzer.EmotionAnalyzerApplicationTests]: EmotionAnalyzerApplicationTests does not declare any static, non-private, non-final, nested classes annotated with @Configuration.
17:23:51.465 [Test worker] INFO org.springframework.boot.test.context.SpringBootTestContextBootstrapper -- Found @SpringBootConfiguration icucheol.emotion_analyzer.EmotionAnalyzerApplication for test class icucheol.emotion_analyzer.EmotionAnalyzerApplicationTests

  .   ____          _            __ _ _
 /\\ / ___'_ __ _ _(_)_ __  __ _ \ \ \ \
( ( )\___ | '_ | '_| | '_ \/ _` | \ \ \ \
 \\/  ___)| |_)| | | | | || (_| |  ) ) ) )
  '  |____| .__|_| |_|_| |_\__, | / / / /
 =========|_|==============|___/=/_/_/_/

 :: Spring Boot ::                (v3.4.0)

2024-12-05T17:23:51.640+09:00  INFO 18086 --- [Emotion Analyzer] [    Test worker] i.e.EmotionAnalyzerApplicationTests      : Starting EmotionAnalyzerApplicationTests using Java 17.0.11 with PID 18086 (started by uicheol_hwang in /Users/uicheol_hwang/emotion-api)
2024-12-05T17:23:51.641+09:00  INFO 18086 --- [Emotion Analyzer] [    Test worker] i.e.EmotionAnalyzerApplicationTests      : No active profile set, falling back to 1 default profile: "default"
2024-12-05T17:23:51.903+09:00  INFO 18086 --- [Emotion Analyzer] [    Test worker] .s.d.r.c.RepositoryConfigurationDelegate : Bootstrapping Spring Data JPA repositories in DEFAULT mode.
2024-12-05T17:23:51.926+09:00  INFO 18086 --- [Emotion Analyzer] [    Test worker] .s.d.r.c.RepositoryConfigurationDelegate : Finished Spring Data repository scanning in 18 ms. Found 1 JPA repository interface.
2024-12-05T17:23:52.130+09:00  INFO 18086 --- [Emotion Analyzer] [    Test worker] o.hibernate.jpa.internal.util.LogHelper  : HHH000204: Processing PersistenceUnitInfo [name: default]
2024-12-05T17:23:52.154+09:00  INFO 18086 --- [Emotion Analyzer] [    Test worker] org.hibernate.Version                    : HHH000412: Hibernate ORM core version 6.6.2.Final
2024-12-05T17:23:52.169+09:00  INFO 18086 --- [Emotion Analyzer] [    Test worker] o.h.c.internal.RegionFactoryInitiator    : HHH000026: Second-level cache disabled
2024-12-05T17:23:52.288+09:00  INFO 18086 --- [Emotion Analyzer] [    Test worker] o.s.o.j.p.SpringPersistenceUnitInfo      : No LoadTimeWeaver setup: ignoring JPA class transformer
2024-12-05T17:23:52.301+09:00  INFO 18086 --- [Emotion Analyzer] [    Test worker] com.zaxxer.hikari.HikariDataSource       : HikariPool-1 - Starting...
2024-12-05T17:23:52.433+09:00  INFO 18086 --- [Emotion Analyzer] [    Test worker] com.zaxxer.hikari.pool.HikariPool        : HikariPool-1 - Added connection org.postgresql.jdbc.PgConnection@3cf4dec7
2024-12-05T17:23:52.434+09:00  INFO 18086 --- [Emotion Analyzer] [    Test worker] com.zaxxer.hikari.HikariDataSource       : HikariPool-1 - Start completed.
2024-12-05T17:23:52.459+09:00  WARN 18086 --- [Emotion Analyzer] [    Test worker] org.hibernate.orm.deprecation            : HHH90000025: PostgreSQLDialect does not need to be specified explicitly using 'hibernate.dialect' (remove the property setting and it will be selected by default)
2024-12-05T17:23:52.468+09:00  INFO 18086 --- [Emotion Analyzer] [    Test worker] org.hibernate.orm.connections.pooling    : HHH10001005: Database info:
	Database JDBC URL [Connecting through datasource 'HikariDataSource (HikariPool-1)']
	Database driver: undefined/unknown
	Database version: 17.0
	Autocommit mode: undefined/unknown
	Isolation level: undefined/unknown
	Minimum pool size: undefined/unknown
	Maximum pool size: undefined/unknown
2024-12-05T17:23:52.761+09:00  INFO 18086 --- [Emotion Analyzer] [    Test worker] o.h.e.t.j.p.i.JtaPlatformInitiator       : HHH000489: No JTA platform available (set 'hibernate.transaction.jta.platform' to enable JTA platform integration)
Hibernate: 
    create table members (
        id bigint generated by default as identity,
        email varchar(100) not null,
        password varchar(255) not null,
        username varchar(50) not null,
        primary key (id)
    )
Hibernate: 
    alter table if exists members 
       drop constraint if exists UK9d30a9u1qpg8eou0otgkwrp5d
2024-12-05T17:23:52.831+09:00  WARN 18086 --- [Emotion Analyzer] [    Test worker] o.h.engine.jdbc.spi.SqlExceptionHelper   : SQL Warning Code: 0, SQLState: 00000
2024-12-05T17:23:52.831+09:00  WARN 18086 --- [Emotion Analyzer] [    Test worker] o.h.engine.jdbc.spi.SqlExceptionHelper   : constraint "uk9d30a9u1qpg8eou0otgkwrp5d" of relation "members" does not exist, skipping
Hibernate: 
    alter table if exists members 
       add constraint UK9d30a9u1qpg8eou0otgkwrp5d unique (email)
2024-12-05T17:23:52.837+09:00  INFO 18086 --- [Emotion Analyzer] [    Test worker] j.LocalContainerEntityManagerFactoryBean : Initialized JPA EntityManagerFactory for persistence unit 'default'
2024-12-05T17:23:53.012+09:00  WARN 18086 --- [Emotion Analyzer] [    Test worker] JpaBaseConfiguration$JpaWebConfiguration : spring.jpa.open-in-view is enabled by default. Therefore, database queries may be performed during view rendering. Explicitly configure spring.jpa.open-in-view to disable this warning
2024-12-05T17:23:53.179+09:00  INFO 18086 --- [Emotion Analyzer] [    Test worker] i.e.EmotionAnalyzerApplicationTests      : Started EmotionAnalyzerApplicationTests in 1.659 seconds (process running for 2.114)
]]></system-out>
  <system-err><![CDATA[]]></system-err>
</testsuite>
